<?xml version="1.0" encoding="UTF-8"?>
<!-- Generated by org.testng.reporters.JUnitReportReporter -->
<testsuite skipped="0" hostname="mateusz" name="str.mat.CalendarTest" tests="1" failures="0" timestamp="04 mar 2018 08:40:26 GMT" time="0.048" errors="0">
  <testcase name="calendarIteratorTest" time="0.048" classname="str.mat.CalendarTest"/>
</testsuite> <!-- str.mat.CalendarTest -->
